6/11/2023, 11:34:23 [error]: data and salt arguments required {
  "stack": "Error: data and salt arguments required\n    at Object.hash (/home/anduc/kltn/esign-services/node_modules/bcrypt/bcrypt.js:137:17)\n    at /home/anduc/kltn/esign-services/node_modules/bcrypt/promises.js:29:12\n    at new Promise (<anonymous>)\n    at Object.module.exports.promise (/home/anduc/kltn/esign-services/node_modules/bcrypt/promises.js:20:12)\n    at Object.hash (/home/anduc/kltn/esign-services/node_modules/bcrypt/bcrypt.js:133:25)\n    at AuthService.<anonymous> (/home/anduc/kltn/esign-services/dist/apps/app/webpack:/src/modules/auth/auth.service.ts:15:41)\n    at Generator.next (<anonymous>)\n    at /home/anduc/kltn/esign-services/node_modules/tslib/tslib.js:167:75\n    at new Promise (<anonymous>)\n    at Object.__awaiter (/home/anduc/kltn/esign-services/node_modules/tslib/tslib.js:163:16)"
}
6/11/2023, 11:41:31 [error]: Password and confirm password do not match {
  "response": {
    "code": 400,
    "message": "Password and confirm password do not match"
  },
  "status": 400,
  "name": "ExceptionBadRequest",
  "stack": "ExceptionBadRequest: Password and confirm password do not match\n    at AuthService.<anonymous> (/home/anduc/kltn/esign-services/dist/apps/app/webpack:/src/modules/auth/auth.service.ts:16:47)\n    at Generator.next (<anonymous>)\n    at /home/anduc/kltn/esign-services/node_modules/tslib/tslib.js:167:75\n    at new Promise (<anonymous>)\n    at Object.__awaiter (/home/anduc/kltn/esign-services/node_modules/tslib/tslib.js:163:16)\n    at AuthService.sigup (/home/anduc/kltn/esign-services/dist/apps/app/main.js:366:24)\n    at AuthController.<anonymous> (/home/anduc/kltn/esign-services/dist/apps/app/webpack:/src/modules/auth/auth.controller.ts:20:29)\n    at Generator.next (<anonymous>)\n    at /home/anduc/kltn/esign-services/node_modules/tslib/tslib.js:167:75\n    at new Promise (<anonymous>)"
}
6/11/2023, 11:41:39 [error]: 
Invalid `prisma.user.create()` invocation:


Unique constraint failed on the fields: (`email`) {
  "code": "P2002",
  "clientVersion": "4.15.0",
  "meta": {
    "target": [
      "email"
    ]
  },
  "stack": "Error: \nInvalid `prisma.user.create()` invocation:\n\n\nUnique constraint failed on the fields: (`email`)\n    at An.handleRequestError (/home/anduc/kltn/esign-services/node_modules/@prisma/client/runtime/library.js:174:6929)\n    at An.handleAndLogRequestError (/home/anduc/kltn/esign-services/node_modules/@prisma/client/runtime/library.js:174:6358)\n    at An.request (/home/anduc/kltn/esign-services/node_modules/@prisma/client/runtime/library.js:174:6237)"
}
6/11/2023, 11:42:47 [error]: Email already exists {
  "response": {
    "code": 400,
    "message": "Email already exists"
  },
  "status": 400,
  "name": "ExceptionBadRequest",
  "stack": "ExceptionBadRequest: Email already exists\n    at AuthService.<anonymous> (/home/anduc/kltn/esign-services/dist/apps/app/webpack:/src/modules/auth/auth.service.ts:22:23)\n    at Generator.next (<anonymous>)\n    at fulfilled (/home/anduc/kltn/esign-services/node_modules/tslib/tslib.js:164:62)"
}
